app/build/intermediates/manifest_merge_blame_file/developmentDebug/manifest-merger-blame-development-debug-report.txt
1<?xml version="1.0" encoding="utf-8"?>
2<manifest xmlns:android="http://schemas.android.com/apk/res/android"
3    package="com.icarusplus.icarus"
4    android:versionCode="1"
5    android:versionName="1.0.0" >
6
7    <uses-sdk
8        android:minSdkVersion="21"
8-->src\main\AndroidManifest.xml
9        android:targetSdkVersion="30" />
9-->src\main\AndroidManifest.xml
10
11    <uses-permission android:name="android.permission.INTERNET" />
11-->src\main\AndroidManifest.xml:6:5-67
11-->src\main\AndroidManifest.xml:6:22-64
12    <uses-permission android:name="android.permission.READ_EXTERNAL_STORAGE" />
12-->src\main\AndroidManifest.xml:7:5-80
12-->src\main\AndroidManifest.xml:7:22-77
13    <uses-permission android:name="android.permission.WRITE_EXTERNAL_STORAGE" />
13-->src\main\AndroidManifest.xml:8:5-81
13-->src\main\AndroidManifest.xml:8:22-78
14    <uses-permission android:name="android.permission.CAMERA" />
14-->src\main\AndroidManifest.xml:9:5-65
14-->src\main\AndroidManifest.xml:9:22-62
15
16    <queries>
16-->src\main\AndroidManifest.xml:10:5-14:15
17        <intent>
17-->src\main\AndroidManifest.xml:11:9-13:18
18            <action android:name="android.media.action.IMAGE_CAPTURE" />
18-->src\main\AndroidManifest.xml:12:13-73
18-->src\main\AndroidManifest.xml:12:21-70
19        </intent>
20    </queries>
21    <!-- Required to act as a custom watch face. -->
22    <uses-permission android:name="android.permission.WAKE_LOCK" /> <!-- Required for complications to receive complication data and open the provider chooser. -->
22-->src\main\AndroidManifest.xml:16:5-68
22-->src\main\AndroidManifest.xml:16:22-65
23    <uses-permission android:name="com.google.android.wearable.permission.RECEIVE_COMPLICATION_DATA" />
23-->src\main\AndroidManifest.xml:17:5-104
23-->src\main\AndroidManifest.xml:17:22-101
24    <uses-permission android:name="android.permission.ACCESS_NETWORK_STATE" />
24-->[:network] AndroidManifest.xml:11:5-79
24-->[:network] AndroidManifest.xml:11:22-76
25    <uses-permission android:name="android.permission.RECEIVE_BOOT_COMPLETED" />
25-->[androidx.work:work-runtime:2.4.0] AndroidManifest.xml:27:5-81
25-->[androidx.work:work-runtime:2.4.0] AndroidManifest.xml:27:22-78
26    <uses-permission android:name="android.permission.FOREGROUND_SERVICE" />
26-->[androidx.work:work-runtime:2.4.0] AndroidManifest.xml:28:5-77
26-->[androidx.work:work-runtime:2.4.0] AndroidManifest.xml:28:22-74
27
28    <application
28-->src\main\AndroidManifest.xml:18:5-151:19
29        android:name="com.icarus.base.BaseApplication"
29-->src\main\AndroidManifest.xml:23:9-45
30        android:allowBackup="false"
30-->src\main\AndroidManifest.xml:19:9-36
31        android:appComponentFactory="androidx.core.app.CoreComponentFactory"
31-->[androidx.core:core:1.3.1] AndroidManifest.xml:24:18-86
32        android:debuggable="true"
33        android:fullBackupOnly="false"
33-->src\main\AndroidManifest.xml:20:9-39
34        android:icon="@mipmap/ic_launcher"
34-->src\main\AndroidManifest.xml:21:9-43
35        android:label="@string/app_name"
35-->src\main\AndroidManifest.xml:22:9-41
36        android:networkSecurityConfig="@xml/network_security_config"
36-->src\main\AndroidManifest.xml:24:9-69
37        android:requestLegacyExternalStorage="true"
37-->src\main\AndroidManifest.xml:28:9-52
38        android:roundIcon="@mipmap/ic_launcher_round"
38-->src\main\AndroidManifest.xml:25:9-54
39        android:supportsRtl="true"
39-->src\main\AndroidManifest.xml:26:9-35
40        android:testOnly="true"
41        android:theme="@style/AppTheme" >
41-->src\main\AndroidManifest.xml:27:9-40
42        <activity
42-->src\main\AndroidManifest.xml:30:9-39:20
43            android:name="com.icarus.activities.SplashActivity"
43-->src\main\AndroidManifest.xml:31:13-54
44            android:configChanges="keyboardHidden|orientation|screenSize"
44-->src\main\AndroidManifest.xml:32:13-74
45            android:label="@string/app_name"
45-->src\main\AndroidManifest.xml:33:13-45
46            android:theme="@style/AppTheme.NoActionBar" >
46-->src\main\AndroidManifest.xml:34:13-56
47            <intent-filter>
47-->src\main\AndroidManifest.xml:35:13-38:29
48                <action android:name="android.intent.action.MAIN" />
48-->src\main\AndroidManifest.xml:36:17-69
48-->src\main\AndroidManifest.xml:36:25-66
49
50                <category android:name="android.intent.category.LAUNCHER" />
50-->src\main\AndroidManifest.xml:37:17-77
50-->src\main\AndroidManifest.xml:37:27-74
51            </intent-filter>
52        </activity>
53        <activity
53-->src\main\AndroidManifest.xml:41:9-45:59
54            android:name="com.icarus.activities.LocationChangeActivity"
54-->src\main\AndroidManifest.xml:42:13-62
55            android:configChanges="keyboardHidden|orientation|screenSize"
55-->src\main\AndroidManifest.xml:43:13-74
56            android:label="@string/select_location"
56-->src\main\AndroidManifest.xml:44:13-52
57            android:theme="@style/AppTheme.NoActionBar" />
57-->src\main\AndroidManifest.xml:45:13-56
58        <activity
58-->src\main\AndroidManifest.xml:47:9-49:59
59            android:name="com.icarus.activities.LoginActivity"
59-->src\main\AndroidManifest.xml:48:13-53
60            android:theme="@style/AppTheme.NoActionBar" />
60-->src\main\AndroidManifest.xml:49:13-56
61        <activity
61-->src\main\AndroidManifest.xml:51:9-67:20
62            android:name="com.icarus.activities.DashboardActivity"
62-->src\main\AndroidManifest.xml:52:13-57
63            android:configChanges="keyboardHidden|orientation|screenSize"
63-->src\main\AndroidManifest.xml:53:13-74
64            android:label="@string/my_assigned_checklist"
64-->src\main\AndroidManifest.xml:54:13-58
65            android:launchMode="singleTop"
65-->src\main\AndroidManifest.xml:55:13-43
66            android:theme="@style/AppTheme.NoActionBar" >
66-->src\main\AndroidManifest.xml:56:13-56
67            <intent-filter>
67-->src\main\AndroidManifest.xml:57:13-59:29
68                <action android:name="android.intent.action.SEARCH" />
68-->src\main\AndroidManifest.xml:58:17-71
68-->src\main\AndroidManifest.xml:58:25-68
69            </intent-filter>
70
71            <meta-data
71-->src\main\AndroidManifest.xml:61:13-63:65
72                android:name="android.app.default_searchable"
72-->src\main\AndroidManifest.xml:62:17-62
73                android:value=".activities.DashboardActivity" />
73-->src\main\AndroidManifest.xml:63:17-62
74            <meta-data
74-->src\main\AndroidManifest.xml:64:13-66:55
75                android:name="android.app.searchable"
75-->src\main\AndroidManifest.xml:65:17-54
76                android:resource="@xml/searcheable" />
76-->src\main\AndroidManifest.xml:66:17-52
77        </activity>
78        <activity
78-->src\main\AndroidManifest.xml:69:9-73:59
79            android:name="com.icarus.activities.TermsAndConditionsActivity"
79-->src\main\AndroidManifest.xml:70:13-66
80            android:configChanges="keyboardHidden|orientation|screenSize"
80-->src\main\AndroidManifest.xml:71:13-74
81            android:label="@string/terms_and_conditions"
81-->src\main\AndroidManifest.xml:72:13-57
82            android:theme="@style/AppTheme.NoActionBar" />
82-->src\main\AndroidManifest.xml:73:13-56
83        <activity
83-->src\main\AndroidManifest.xml:75:9-79:59
84            android:name="com.icarus.activities.ChecklistDetailListingActivity"
84-->src\main\AndroidManifest.xml:76:13-70
85            android:configChanges="keyboardHidden|orientation|screenSize"
85-->src\main\AndroidManifest.xml:77:13-74
86            android:label=""
86-->src\main\AndroidManifest.xml:78:13-29
87            android:theme="@style/AppTheme.NoActionBar" />
87-->src\main\AndroidManifest.xml:79:13-56
88        <activity
88-->src\main\AndroidManifest.xml:80:9-85:59
89            android:name="com.icarus.workorder.activities.WorkorderActivity"
89-->src\main\AndroidManifest.xml:81:13-67
90            android:configChanges="keyboardHidden|orientation|screenSize"
90-->src\main\AndroidManifest.xml:82:13-74
91            android:label="@string/workorder"
91-->src\main\AndroidManifest.xml:83:13-46
92            android:launchMode="singleTop"
92-->src\main\AndroidManifest.xml:84:13-43
93            android:theme="@style/AppTheme.NoActionBar" />
93-->src\main\AndroidManifest.xml:85:13-56
94        <activity
94-->src\main\AndroidManifest.xml:86:9-101:20
95            android:name="com.icarus.activities.ChecklistReportActivity"
95-->src\main\AndroidManifest.xml:87:13-63
96            android:configChanges="keyboardHidden|orientation|screenSize"
96-->src\main\AndroidManifest.xml:88:13-74
97            android:launchMode="singleTop"
97-->src\main\AndroidManifest.xml:89:13-43
98            android:theme="@style/AppTheme.NoActionBar" >
98-->src\main\AndroidManifest.xml:90:13-56
99            <intent-filter>
99-->src\main\AndroidManifest.xml:57:13-59:29
100                <action android:name="android.intent.action.SEARCH" />
100-->src\main\AndroidManifest.xml:58:17-71
100-->src\main\AndroidManifest.xml:58:25-68
101            </intent-filter>
102
103            <meta-data
103-->src\main\AndroidManifest.xml:61:13-63:65
104                android:name="android.app.default_searchable"
104-->src\main\AndroidManifest.xml:62:17-62
105                android:value=".workorder.activities.WorkorderActivity" />
105-->src\main\AndroidManifest.xml:63:17-62
106            <meta-data
106-->src\main\AndroidManifest.xml:64:13-66:55
107                android:name="android.app.searchable"
107-->src\main\AndroidManifest.xml:65:17-54
108                android:resource="@xml/searcheable_workorder" />
108-->src\main\AndroidManifest.xml:66:17-52
109        </activity>
110        <activity
110-->src\main\AndroidManifest.xml:102:9-105:59
111            android:name="com.icarus.workorder.activities.WorkOrderDetailActivity"
111-->src\main\AndroidManifest.xml:103:13-73
112            android:configChanges="keyboardHidden|orientation|screenSize"
112-->src\main\AndroidManifest.xml:104:13-74
113            android:theme="@style/AppTheme.NoActionBar" />
113-->src\main\AndroidManifest.xml:105:13-56
114        <activity
114-->src\main\AndroidManifest.xml:106:9-109:54
115            android:name="com.icarus.workorder.activities.WorkOrderCreateActivity"
115-->src\main\AndroidManifest.xml:107:13-73
116            android:configChanges="keyboardHidden|orientation|screenSize"
116-->src\main\AndroidManifest.xml:108:13-74
117            android:theme="@style/AppTheme.Dialog" />
117-->src\main\AndroidManifest.xml:109:13-51
118        <activity
118-->src\main\AndroidManifest.xml:110:9-113:54
119            android:name="com.icarus.workorder.activities.WorkOrderCompleteActivity"
119-->src\main\AndroidManifest.xml:111:13-75
120            android:configChanges="keyboardHidden|orientation|screenSize"
120-->src\main\AndroidManifest.xml:112:13-74
121            android:theme="@style/AppTheme.Dialog" />
121-->src\main\AndroidManifest.xml:113:13-51
122        <activity
122-->src\main\AndroidManifest.xml:114:9-119:62
123            android:name="com.icarus.activities.ChecklistExecutionActivity"
123-->src\main\AndroidManifest.xml:115:13-66
124            android:configChanges="keyboardHidden|screenSize"
124-->src\main\AndroidManifest.xml:116:13-62
125            android:label=""
125-->src\main\AndroidManifest.xml:118:13-29
126            android:theme="@style/ChecklistExecutionTheme"
126-->src\main\AndroidManifest.xml:119:13-59
127            android:windowSoftInputMode="adjustPan" />
127-->src\main\AndroidManifest.xml:117:13-52
128        <activity
128-->src\main\AndroidManifest.xml:120:9-123:59
129            android:name="com.icarus.activities.WebViewActivity"
129-->src\main\AndroidManifest.xml:121:13-55
130            android:configChanges="keyboardHidden|orientation|screenSize"
130-->src\main\AndroidManifest.xml:122:13-74
131            android:theme="@style/AppTheme.NoActionBar" />
131-->src\main\AndroidManifest.xml:123:13-56
132        <activity
132-->src\main\AndroidManifest.xml:124:9-128:59
133            android:name="com.icarus.activities.PlaceholderCaptureListActivity"
133-->src\main\AndroidManifest.xml:125:13-70
134            android:configChanges="keyboardHidden|orientation|screenSize"
134-->src\main\AndroidManifest.xml:126:13-74
135            android:label=""
135-->src\main\AndroidManifest.xml:127:13-29
136            android:theme="@style/AppTheme.NoActionBar" />
136-->src\main\AndroidManifest.xml:128:13-56
137        <activity
137-->src\main\AndroidManifest.xml:129:9-134:59
138            android:name="com.icarus.activities.AddNotesActivity"
138-->src\main\AndroidManifest.xml:130:13-56
139            android:configChanges="orientation|screenSize"
139-->src\main\AndroidManifest.xml:131:13-59
140            android:launchMode="singleTop"
140-->src\main\AndroidManifest.xml:133:13-43
141            android:theme="@style/AppTheme.NoActionBar"
141-->src\main\AndroidManifest.xml:134:13-56
142            android:windowSoftInputMode="adjustResize" />
142-->src\main\AndroidManifest.xml:132:13-55
143        <activity
143-->src\main\AndroidManifest.xml:136:9-140:59
144            android:name="com.icarus.activities.AllCaptureDataActivity"
144-->src\main\AndroidManifest.xml:137:13-62
145            android:configChanges="keyboardHidden|orientation|screenSize"
145-->src\main\AndroidManifest.xml:138:13-74
146            android:label=""
146-->src\main\AndroidManifest.xml:139:13-29
147            android:theme="@style/AppTheme.NoActionBar" />
147-->src\main\AndroidManifest.xml:140:13-56
148
149        <provider
150            android:name="androidx.core.content.FileProvider"
150-->src\main\AndroidManifest.xml:143:13-62
151            android:authorities="com.icarusplus.icarus.provider"
151-->src\main\AndroidManifest.xml:144:13-60
152            android:exported="false"
152-->src\main\AndroidManifest.xml:145:13-37
153            android:grantUriPermissions="true" >
153-->src\main\AndroidManifest.xml:146:13-47
154            <meta-data
154-->src\main\AndroidManifest.xml:147:13-149:54
155                android:name="android.support.FILE_PROVIDER_PATHS"
155-->src\main\AndroidManifest.xml:148:17-67
156                android:resource="@xml/file_paths" />
156-->src\main\AndroidManifest.xml:149:17-51
157        </provider>
158
159        <activity
159-->[:cropannotate] AndroidManifest.xml:15:9-17:52
160            android:name="c.anurag.cropannotate.crop.activity.CropImageActivity"
160-->[:cropannotate] AndroidManifest.xml:16:13-81
161            android:screenOrientation="portrait" />
161-->[:cropannotate] AndroidManifest.xml:17:13-49
162        <activity
162-->[:cropannotate] AndroidManifest.xml:18:9-23:67
163            android:name="c.anurag.cropannotate.annotations.activity.PhotoEditorActivity"
163-->[:cropannotate] AndroidManifest.xml:19:13-90
164            android:configChanges="orientation|screenSize"
164-->[:cropannotate] AndroidManifest.xml:20:13-59
165            android:label="@string/app_name"
165-->[:cropannotate] AndroidManifest.xml:21:13-45
166            android:theme="@style/AppTheme.Base.NoActionBar"
166-->[:cropannotate] AndroidManifest.xml:22:13-61
167            android:windowSoftInputMode="stateHidden|adjustPan" />
167-->[:cropannotate] AndroidManifest.xml:23:13-64
168
169        <meta-data
169-->[:network] AndroidManifest.xml:17:9-19:33
170            android:name="aia-compat-api-min-version"
170-->[:network] AndroidManifest.xml:18:13-54
171            android:value="1" />
171-->[:network] AndroidManifest.xml:19:13-30
172
173        <provider
173-->[com.crashlytics.sdk.android:crashlytics:2.10.1] AndroidManifest.xml:19:9-23:38
174            android:name="com.crashlytics.android.CrashlyticsInitProvider"
174-->[com.crashlytics.sdk.android:crashlytics:2.10.1] AndroidManifest.xml:20:13-75
175            android:authorities="com.icarusplus.icarus.crashlyticsinitprovider"
175-->[com.crashlytics.sdk.android:crashlytics:2.10.1] AndroidManifest.xml:21:13-75
176            android:exported="false"
176-->[com.crashlytics.sdk.android:crashlytics:2.10.1] AndroidManifest.xml:22:13-37
177            android:initOrder="90" />
177-->[com.crashlytics.sdk.android:crashlytics:2.10.1] AndroidManifest.xml:23:13-35
178        <provider
178-->[androidx.work:work-runtime:2.4.0] AndroidManifest.xml:31:9-37:35
179            android:name="androidx.work.impl.WorkManagerInitializer"
179-->[androidx.work:work-runtime:2.4.0] AndroidManifest.xml:32:13-69
180            android:authorities="com.icarusplus.icarus.workmanager-init"
180-->[androidx.work:work-runtime:2.4.0] AndroidManifest.xml:33:13-68
181            android:directBootAware="false"
181-->[androidx.work:work-runtime:2.4.0] AndroidManifest.xml:34:13-44
182            android:exported="false"
182-->[androidx.work:work-runtime:2.4.0] AndroidManifest.xml:35:13-37
183            android:multiprocess="true" />
183-->[androidx.work:work-runtime:2.4.0] AndroidManifest.xml:36:13-40
184
185        <service
185-->[androidx.work:work-runtime:2.4.0] AndroidManifest.xml:39:9-44:35
186            android:name="androidx.work.impl.background.systemalarm.SystemAlarmService"
186-->[androidx.work:work-runtime:2.4.0] AndroidManifest.xml:40:13-88
187            android:directBootAware="false"
187-->[androidx.work:work-runtime:2.4.0] AndroidManifest.xml:41:13-44
188            android:enabled="@bool/enable_system_alarm_service_default"
188-->[androidx.work:work-runtime:2.4.0] AndroidManifest.xml:42:13-72
189            android:exported="false" />
189-->[androidx.work:work-runtime:2.4.0] AndroidManifest.xml:43:13-37
190        <service
190-->[androidx.work:work-runtime:2.4.0] AndroidManifest.xml:45:9-51:35
191            android:name="androidx.work.impl.background.systemjob.SystemJobService"
191-->[androidx.work:work-runtime:2.4.0] AndroidManifest.xml:46:13-84
192            android:directBootAware="false"
192-->[androidx.work:work-runtime:2.4.0] AndroidManifest.xml:47:13-44
193            android:enabled="@bool/enable_system_job_service_default"
193-->[androidx.work:work-runtime:2.4.0] AndroidManifest.xml:48:13-70
194            android:exported="true"
194-->[androidx.work:work-runtime:2.4.0] AndroidManifest.xml:49:13-36
195            android:permission="android.permission.BIND_JOB_SERVICE" />
195-->[androidx.work:work-runtime:2.4.0] AndroidManifest.xml:50:13-69
196        <service
196-->[androidx.work:work-runtime:2.4.0] AndroidManifest.xml:52:9-57:35
197            android:name="androidx.work.impl.foreground.SystemForegroundService"
197-->[androidx.work:work-runtime:2.4.0] AndroidManifest.xml:53:13-81
198            android:directBootAware="false"
198-->[androidx.work:work-runtime:2.4.0] AndroidManifest.xml:54:13-44
199            android:enabled="@bool/enable_system_foreground_service_default"
199-->[androidx.work:work-runtime:2.4.0] AndroidManifest.xml:55:13-77
200            android:exported="false" />
200-->[androidx.work:work-runtime:2.4.0] AndroidManifest.xml:56:13-37
201
202        <receiver
202-->[androidx.work:work-runtime:2.4.0] AndroidManifest.xml:59:9-64:35
203            android:name="androidx.work.impl.utils.ForceStopRunnable$BroadcastReceiver"
203-->[androidx.work:work-runtime:2.4.0] AndroidManifest.xml:60:13-88
204            android:directBootAware="false"
204-->[androidx.work:work-runtime:2.4.0] AndroidManifest.xml:61:13-44
205            android:enabled="true"
205-->[androidx.work:work-runtime:2.4.0] AndroidManifest.xml:62:13-35
206            android:exported="false" />
206-->[androidx.work:work-runtime:2.4.0] AndroidManifest.xml:63:13-37
207        <receiver
207-->[androidx.work:work-runtime:2.4.0] AndroidManifest.xml:65:9-75:20
208            android:name="androidx.work.impl.background.systemalarm.ConstraintProxy$BatteryChargingProxy"
208-->[androidx.work:work-runtime:2.4.0] AndroidManifest.xml:66:13-106
209            android:directBootAware="false"
209-->[androidx.work:work-runtime:2.4.0] AndroidManifest.xml:67:13-44
210            android:enabled="false"
210-->[androidx.work:work-runtime:2.4.0] AndroidManifest.xml:68:13-36
211            android:exported="false" >
211-->[androidx.work:work-runtime:2.4.0] AndroidManifest.xml:69:13-37
212            <intent-filter>
212-->[androidx.work:work-runtime:2.4.0] AndroidManifest.xml:71:13-74:29
213                <action android:name="android.intent.action.ACTION_POWER_CONNECTED" />
213-->[androidx.work:work-runtime:2.4.0] AndroidManifest.xml:72:17-87
213-->[androidx.work:work-runtime:2.4.0] AndroidManifest.xml:72:25-84
214                <action android:name="android.intent.action.ACTION_POWER_DISCONNECTED" />
214-->[androidx.work:work-runtime:2.4.0] AndroidManifest.xml:73:17-90
214-->[androidx.work:work-runtime:2.4.0] AndroidManifest.xml:73:25-87
215            </intent-filter>
216        </receiver>
217        <receiver
217-->[androidx.work:work-runtime:2.4.0] AndroidManifest.xml:76:9-86:20
218            android:name="androidx.work.impl.background.systemalarm.ConstraintProxy$BatteryNotLowProxy"
218-->[androidx.work:work-runtime:2.4.0] AndroidManifest.xml:77:13-104
219            android:directBootAware="false"
219-->[androidx.work:work-runtime:2.4.0] AndroidManifest.xml:78:13-44
220            android:enabled="false"
220-->[androidx.work:work-runtime:2.4.0] AndroidManifest.xml:79:13-36
221            android:exported="false" >
221-->[androidx.work:work-runtime:2.4.0] AndroidManifest.xml:80:13-37
222            <intent-filter>
222-->[androidx.work:work-runtime:2.4.0] AndroidManifest.xml:82:13-85:29
223                <action android:name="android.intent.action.BATTERY_OKAY" />
223-->[androidx.work:work-runtime:2.4.0] AndroidManifest.xml:83:17-77
223-->[androidx.work:work-runtime:2.4.0] AndroidManifest.xml:83:25-74
224                <action android:name="android.intent.action.BATTERY_LOW" />
224-->[androidx.work:work-runtime:2.4.0] AndroidManifest.xml:84:17-76
224-->[androidx.work:work-runtime:2.4.0] AndroidManifest.xml:84:25-73
225            </intent-filter>
226        </receiver>
227        <receiver
227-->[androidx.work:work-runtime:2.4.0] AndroidManifest.xml:87:9-97:20
228            android:name="androidx.work.impl.background.systemalarm.ConstraintProxy$StorageNotLowProxy"
228-->[androidx.work:work-runtime:2.4.0] AndroidManifest.xml:88:13-104
229            android:directBootAware="false"
229-->[androidx.work:work-runtime:2.4.0] AndroidManifest.xml:89:13-44
230            android:enabled="false"
230-->[androidx.work:work-runtime:2.4.0] AndroidManifest.xml:90:13-36
231            android:exported="false" >
231-->[androidx.work:work-runtime:2.4.0] AndroidManifest.xml:91:13-37
232            <intent-filter>
232-->[androidx.work:work-runtime:2.4.0] AndroidManifest.xml:93:13-96:29
233                <action android:name="android.intent.action.DEVICE_STORAGE_LOW" />
233-->[androidx.work:work-runtime:2.4.0] AndroidManifest.xml:94:17-83
233-->[androidx.work:work-runtime:2.4.0] AndroidManifest.xml:94:25-80
234                <action android:name="android.intent.action.DEVICE_STORAGE_OK" />
234-->[androidx.work:work-runtime:2.4.0] AndroidManifest.xml:95:17-82
234-->[androidx.work:work-runtime:2.4.0] AndroidManifest.xml:95:25-79
235            </intent-filter>
236        </receiver>
237        <receiver
237-->[androidx.work:work-runtime:2.4.0] AndroidManifest.xml:98:9-107:20
238            android:name="androidx.work.impl.background.systemalarm.ConstraintProxy$NetworkStateProxy"
238-->[androidx.work:work-runtime:2.4.0] AndroidManifest.xml:99:13-103
239            android:directBootAware="false"
239-->[androidx.work:work-runtime:2.4.0] AndroidManifest.xml:100:13-44
240            android:enabled="false"
240-->[androidx.work:work-runtime:2.4.0] AndroidManifest.xml:101:13-36
241            android:exported="false" >
241-->[androidx.work:work-runtime:2.4.0] AndroidManifest.xml:102:13-37
242            <intent-filter>
242-->[androidx.work:work-runtime:2.4.0] AndroidManifest.xml:104:13-106:29
243                <action android:name="android.net.conn.CONNECTIVITY_CHANGE" />
243-->[androidx.work:work-runtime:2.4.0] AndroidManifest.xml:105:17-79
243-->[androidx.work:work-runtime:2.4.0] AndroidManifest.xml:105:25-76
244            </intent-filter>
245        </receiver>
246        <receiver
246-->[androidx.work:work-runtime:2.4.0] AndroidManifest.xml:108:9-119:20
247            android:name="androidx.work.impl.background.systemalarm.RescheduleReceiver"
247-->[androidx.work:work-runtime:2.4.0] AndroidManifest.xml:109:13-88
248            android:directBootAware="false"
248-->[androidx.work:work-runtime:2.4.0] AndroidManifest.xml:110:13-44
249            android:enabled="false"
249-->[androidx.work:work-runtime:2.4.0] AndroidManifest.xml:111:13-36
250            android:exported="false" >
250-->[androidx.work:work-runtime:2.4.0] AndroidManifest.xml:112:13-37
251            <intent-filter>
251-->[androidx.work:work-runtime:2.4.0] AndroidManifest.xml:114:13-118:29
252                <action android:name="android.intent.action.BOOT_COMPLETED" />
252-->[androidx.work:work-runtime:2.4.0] AndroidManifest.xml:115:17-79
252-->[androidx.work:work-runtime:2.4.0] AndroidManifest.xml:115:25-76
253                <action android:name="android.intent.action.TIME_SET" />
253-->[androidx.work:work-runtime:2.4.0] AndroidManifest.xml:116:17-73
253-->[androidx.work:work-runtime:2.4.0] AndroidManifest.xml:116:25-70
254                <action android:name="android.intent.action.TIMEZONE_CHANGED" />
254-->[androidx.work:work-runtime:2.4.0] AndroidManifest.xml:117:17-81
254-->[androidx.work:work-runtime:2.4.0] AndroidManifest.xml:117:25-78
255            </intent-filter>
256        </receiver>
257        <receiver
257-->[androidx.work:work-runtime:2.4.0] AndroidManifest.xml:120:9-129:20
258            android:name="androidx.work.impl.background.systemalarm.ConstraintProxyUpdateReceiver"
258-->[androidx.work:work-runtime:2.4.0] AndroidManifest.xml:121:13-99
259            android:directBootAware="false"
259-->[androidx.work:work-runtime:2.4.0] AndroidManifest.xml:122:13-44
260            android:enabled="@bool/enable_system_alarm_service_default"
260-->[androidx.work:work-runtime:2.4.0] AndroidManifest.xml:123:13-72
261            android:exported="false" >
261-->[androidx.work:work-runtime:2.4.0] AndroidManifest.xml:124:13-37
262            <intent-filter>
262-->[androidx.work:work-runtime:2.4.0] AndroidManifest.xml:126:13-128:29
263                <action android:name="androidx.work.impl.background.systemalarm.UpdateProxies" />
263-->[androidx.work:work-runtime:2.4.0] AndroidManifest.xml:127:17-98
263-->[androidx.work:work-runtime:2.4.0] AndroidManifest.xml:127:25-95
264            </intent-filter>
265        </receiver>
266        <receiver
266-->[androidx.work:work-runtime:2.4.0] AndroidManifest.xml:130:9-140:20
267            android:name="androidx.work.impl.diagnostics.DiagnosticsReceiver"
267-->[androidx.work:work-runtime:2.4.0] AndroidManifest.xml:131:13-78
268            android:directBootAware="false"
268-->[androidx.work:work-runtime:2.4.0] AndroidManifest.xml:132:13-44
269            android:enabled="true"
269-->[androidx.work:work-runtime:2.4.0] AndroidManifest.xml:133:13-35
270            android:exported="true"
270-->[androidx.work:work-runtime:2.4.0] AndroidManifest.xml:134:13-36
271            android:permission="android.permission.DUMP" >
271-->[androidx.work:work-runtime:2.4.0] AndroidManifest.xml:135:13-57
272            <intent-filter>
272-->[androidx.work:work-runtime:2.4.0] AndroidManifest.xml:137:13-139:29
273                <action android:name="androidx.work.diagnostics.REQUEST_DIAGNOSTICS" />
273-->[androidx.work:work-runtime:2.4.0] AndroidManifest.xml:138:17-88
273-->[androidx.work:work-runtime:2.4.0] AndroidManifest.xml:138:25-85
274            </intent-filter>
275        </receiver>
276
277        <service
277-->[androidx.room:room-runtime:2.2.5] AndroidManifest.xml:25:9-28:40
278            android:name="androidx.room.MultiInstanceInvalidationService"
278-->[androidx.room:room-runtime:2.2.5] AndroidManifest.xml:26:13-74
279            android:directBootAware="true"
279-->[androidx.room:room-runtime:2.2.5] AndroidManifest.xml:27:13-43
280            android:exported="false" />
280-->[androidx.room:room-runtime:2.2.5] AndroidManifest.xml:28:13-37
281
282        <meta-data
282-->[com.github.bumptech.glide:okhttp3-integration:4.7.1] AndroidManifest.xml:11:9-13:43
283            android:name="com.bumptech.glide.integration.okhttp3.OkHttpGlideModule"
283-->[com.github.bumptech.glide:okhttp3-integration:4.7.1] AndroidManifest.xml:12:13-84
284            android:value="GlideModule" />
284-->[com.github.bumptech.glide:okhttp3-integration:4.7.1] AndroidManifest.xml:13:13-40
285
286        <provider
286-->[androidx.lifecycle:lifecycle-process:2.2.0] AndroidManifest.xml:25:9-29:43
287            android:name="androidx.lifecycle.ProcessLifecycleOwnerInitializer"
287-->[androidx.lifecycle:lifecycle-process:2.2.0] AndroidManifest.xml:26:13-79
288            android:authorities="com.icarusplus.icarus.lifecycle-process"
288-->[androidx.lifecycle:lifecycle-process:2.2.0] AndroidManifest.xml:27:13-69
289            android:exported="false"
289-->[androidx.lifecycle:lifecycle-process:2.2.0] AndroidManifest.xml:28:13-37
290            android:multiprocess="true" />
290-->[androidx.lifecycle:lifecycle-process:2.2.0] AndroidManifest.xml:29:13-40
291    </application>
292
293</manifest>